2022-09-15 17:08:33,405:INFO:PyCaret Supervised Module
2022-09-15 17:08:33,408:INFO:ML Usecase: classification
2022-09-15 17:08:33,409:INFO:version 2.3.10
2022-09-15 17:08:33,409:INFO:Initializing setup()
2022-09-15 17:08:33,409:INFO:setup(target=10513    0
3526     0
14323    0
10385    0
8773     0
        ..
10512    0
1860     0
853      0
1665     1
7640     0
Name: target, Length: 13336, dtype: int64, ml_usecase=classification, available_plots={'parameter': 'Hyperparameters', 'auc': 'AUC', 'confusion_matrix': 'Confusion Matrix', 'threshold': 'Threshold', 'pr': 'Precision Recall', 'error': 'Prediction Error', 'class_report': 'Class Report', 'rfe': 'Feature Selection', 'learning': 'Learning Curve', 'manifold': 'Manifold Learning', 'calibration': 'Calibration Curve', 'vc': 'Validation Curve', 'dimension': 'Dimensions', 'feature': 'Feature Importance', 'feature_all': 'Feature Importance (All)', 'boundary': 'Decision Boundary', 'lift': 'Lift Chart', 'gain': 'Gain Chart', 'tree': 'Decision Tree', 'ks': 'KS Statistic Plot'}, train_size=0.7, test_data=None, preprocess=True, imputation_type=simple, iterative_imputation_iters=5, categorical_features=None, categorical_imputation=constant, categorical_iterative_imputer=lightgbm, ordinal_features=None, high_cardinality_features=None, high_cardinality_method=frequency, numeric_features=None, numeric_imputation=mean, numeric_iterative_imputer=lightgbm, date_features=None, ignore_features=None, normalize=False, normalize_method=zscore, transformation=False, transformation_method=yeo-johnson, handle_unknown_categorical=True, unknown_categorical_method=least_frequent, pca=False, pca_method=linear, pca_components=None, ignore_low_variance=False, combine_rare_levels=False, rare_level_threshold=0.1, bin_numeric_features=None, remove_outliers=False, outliers_threshold=0.05, remove_multicollinearity=False, multicollinearity_threshold=0.9, remove_perfect_collinearity=True, create_clusters=False, cluster_iter=20, polynomial_features=False, polynomial_degree=2, trigonometry_features=False, polynomial_threshold=0.1, group_features=None, group_names=None, feature_selection=False, feature_selection_threshold=0.8, feature_selection_method=classic, feature_interaction=False, feature_ratio=False, interaction_threshold=0.01, fix_imbalance=False, fix_imbalance_method=None, transform_target=False, transform_target_method=box-cox, data_split_shuffle=True, data_split_stratify=False, fold_strategy=stratifiedkfold, fold=10, fold_shuffle=False, fold_groups=None, n_jobs=-1, use_gpu=False, custom_pipeline=None, html=True, session_id=0, log_experiment=False, experiment_name=None, experiment_custom_tags=None, log_plots=False, log_profile=False, log_data=False, silent=False, verbose=True, profile=False, profile_kwargs=None, display=None)
2022-09-15 17:08:33,435:INFO:Checking environment
2022-09-15 17:08:33,435:INFO:python_version: 3.8.5
2022-09-15 17:08:33,435:INFO:python_build: ('default', 'Sep  3 2020 21:29:08')
2022-09-15 17:08:33,435:INFO:machine: AMD64
2022-09-15 17:08:33,441:INFO:platform: Windows-10-10.0.22000-SP0
2022-09-15 17:08:33,441:INFO:Memory: svmem(total=17013329920, available=7184379904, percent=57.8, used=9828950016, free=7184379904)
2022-09-15 17:08:33,442:INFO:Physical Core: 4
2022-09-15 17:08:33,442:INFO:Logical Core: 8
2022-09-15 17:08:33,442:INFO:Checking libraries
2022-09-15 17:08:33,443:INFO:pd==1.1.3
2022-09-15 17:08:33,443:INFO:numpy==1.19.2
2022-09-15 17:08:33,443:INFO:sklearn==0.23.2
2022-09-15 17:08:33,443:INFO:lightgbm==3.3.2
2022-09-15 17:08:33,447:WARNING:catboost not found
2022-09-15 17:08:33,450:WARNING:xgboost not found
2022-09-15 17:08:33,451:INFO:mlflow==1.28.0
2022-09-15 17:08:33,451:INFO:Checking Exceptions
2022-09-15 17:11:04,016:INFO:PyCaret Supervised Module
2022-09-15 17:11:04,016:INFO:ML Usecase: classification
2022-09-15 17:11:04,016:INFO:version 2.3.10
2022-09-15 17:11:04,016:INFO:Initializing setup()
2022-09-15 17:11:04,016:INFO:setup(target=target, ml_usecase=classification, available_plots={'parameter': 'Hyperparameters', 'auc': 'AUC', 'confusion_matrix': 'Confusion Matrix', 'threshold': 'Threshold', 'pr': 'Precision Recall', 'error': 'Prediction Error', 'class_report': 'Class Report', 'rfe': 'Feature Selection', 'learning': 'Learning Curve', 'manifold': 'Manifold Learning', 'calibration': 'Calibration Curve', 'vc': 'Validation Curve', 'dimension': 'Dimensions', 'feature': 'Feature Importance', 'feature_all': 'Feature Importance (All)', 'boundary': 'Decision Boundary', 'lift': 'Lift Chart', 'gain': 'Gain Chart', 'tree': 'Decision Tree', 'ks': 'KS Statistic Plot'}, train_size=0.7, test_data=None, preprocess=True, imputation_type=simple, iterative_imputation_iters=5, categorical_features=None, categorical_imputation=constant, categorical_iterative_imputer=lightgbm, ordinal_features=None, high_cardinality_features=None, high_cardinality_method=frequency, numeric_features=None, numeric_imputation=mean, numeric_iterative_imputer=lightgbm, date_features=None, ignore_features=None, normalize=False, normalize_method=zscore, transformation=False, transformation_method=yeo-johnson, handle_unknown_categorical=True, unknown_categorical_method=least_frequent, pca=False, pca_method=linear, pca_components=None, ignore_low_variance=False, combine_rare_levels=False, rare_level_threshold=0.1, bin_numeric_features=None, remove_outliers=False, outliers_threshold=0.05, remove_multicollinearity=False, multicollinearity_threshold=0.9, remove_perfect_collinearity=True, create_clusters=False, cluster_iter=20, polynomial_features=False, polynomial_degree=2, trigonometry_features=False, polynomial_threshold=0.1, group_features=None, group_names=None, feature_selection=False, feature_selection_threshold=0.8, feature_selection_method=classic, feature_interaction=False, feature_ratio=False, interaction_threshold=0.01, fix_imbalance=False, fix_imbalance_method=None, transform_target=False, transform_target_method=box-cox, data_split_shuffle=True, data_split_stratify=False, fold_strategy=stratifiedkfold, fold=10, fold_shuffle=False, fold_groups=None, n_jobs=-1, use_gpu=False, custom_pipeline=None, html=True, session_id=0, log_experiment=False, experiment_name=None, experiment_custom_tags=None, log_plots=False, log_profile=False, log_data=False, silent=False, verbose=True, profile=False, profile_kwargs=None, display=None)
2022-09-15 17:11:04,016:INFO:Checking environment
2022-09-15 17:11:04,016:INFO:python_version: 3.8.5
2022-09-15 17:11:04,016:INFO:python_build: ('default', 'Sep  3 2020 21:29:08')
2022-09-15 17:11:04,016:INFO:machine: AMD64
2022-09-15 17:11:04,016:INFO:platform: Windows-10-10.0.22000-SP0
2022-09-15 17:11:04,016:INFO:Memory: svmem(total=17013329920, available=7133945856, percent=58.1, used=9879384064, free=7133945856)
2022-09-15 17:11:04,020:INFO:Physical Core: 4
2022-09-15 17:11:04,020:INFO:Logical Core: 8
2022-09-15 17:11:04,020:INFO:Checking libraries
2022-09-15 17:11:04,020:INFO:pd==1.1.3
2022-09-15 17:11:04,020:INFO:numpy==1.19.2
2022-09-15 17:11:04,020:INFO:sklearn==0.23.2
2022-09-15 17:11:04,021:INFO:lightgbm==3.3.2
2022-09-15 17:11:04,023:WARNING:catboost not found
2022-09-15 17:11:04,024:WARNING:xgboost not found
2022-09-15 17:11:04,025:INFO:mlflow==1.28.0
2022-09-15 17:11:04,025:INFO:Checking Exceptions
2022-09-15 17:11:04,025:INFO:Declaring global variables
2022-09-15 17:11:04,025:INFO:USI: 66c2
2022-09-15 17:11:04,026:INFO:pycaret_globals: {'_available_plots', 'html_param', '_gpu_n_jobs_param', 'master_model_container', 'create_model_container', 'fold_generator', '_all_models', 'prep_pipe', '_internal_pipeline', 'X_test', 'target_param', 'seed', 'fold_groups_param', 'logging_param', '_ml_usecase', 'log_plots_param', 'X', 'fix_imbalance_method_param', 'stratify_param', 'dashboard_logger', 'X_train', 'data_before_preprocess', 'fix_imbalance_param', 'pycaret_globals', 'y_train', 'USI', 'y', 'iterative_imputation_iters_param', 'fold_param', 'imputation_classifier', 'gpu_param', 'fold_groups_param_full', 'transform_target_method_param', 'exp_name_log', 'experiment__', 'y_test', '_all_models_internal', '_all_metrics', 'fold_shuffle_param', 'transform_target_param', 'n_jobs_param', 'display_container', 'imputation_regressor'}
2022-09-15 17:11:04,026:INFO:Preparing display monitor
2022-09-15 17:11:04,026:INFO:Preparing display monitor
2022-09-15 17:11:04,076:INFO:Importing libraries
2022-09-15 17:11:04,076:INFO:Copying data for preprocessing
2022-09-15 17:11:04,090:INFO:Declaring preprocessing parameters
2022-09-15 17:11:04,094:INFO:Creating preprocessing pipeline
2022-09-15 17:11:04,130:INFO:Preprocessing pipeline created successfully
2022-09-15 17:11:04,131:ERROR:(Process Exit): setup has been interupted with user command 'quit'. setup must rerun.
2022-09-15 17:11:04,131:INFO:Creating global containers
2022-09-15 17:11:04,140:INFO:Internal pipeline: Pipeline(memory=None, steps=[('empty_step', 'passthrough')], verbose=False)
2022-09-15 17:17:25,017:INFO:PyCaret Supervised Module
2022-09-15 17:17:25,017:INFO:ML Usecase: classification
2022-09-15 17:17:25,017:INFO:version 2.3.10
2022-09-15 17:17:25,017:INFO:Initializing setup()
2022-09-15 17:17:25,017:INFO:setup(target=target, ml_usecase=classification, available_plots={'parameter': 'Hyperparameters', 'auc': 'AUC', 'confusion_matrix': 'Confusion Matrix', 'threshold': 'Threshold', 'pr': 'Precision Recall', 'error': 'Prediction Error', 'class_report': 'Class Report', 'rfe': 'Feature Selection', 'learning': 'Learning Curve', 'manifold': 'Manifold Learning', 'calibration': 'Calibration Curve', 'vc': 'Validation Curve', 'dimension': 'Dimensions', 'feature': 'Feature Importance', 'feature_all': 'Feature Importance (All)', 'boundary': 'Decision Boundary', 'lift': 'Lift Chart', 'gain': 'Gain Chart', 'tree': 'Decision Tree', 'ks': 'KS Statistic Plot'}, train_size=0.7, test_data=None, preprocess=True, imputation_type=simple, iterative_imputation_iters=5, categorical_features=None, categorical_imputation=constant, categorical_iterative_imputer=lightgbm, ordinal_features=None, high_cardinality_features=None, high_cardinality_method=frequency, numeric_features=None, numeric_imputation=mean, numeric_iterative_imputer=lightgbm, date_features=None, ignore_features=None, normalize=False, normalize_method=zscore, transformation=False, transformation_method=yeo-johnson, handle_unknown_categorical=True, unknown_categorical_method=least_frequent, pca=False, pca_method=linear, pca_components=None, ignore_low_variance=False, combine_rare_levels=False, rare_level_threshold=0.1, bin_numeric_features=None, remove_outliers=False, outliers_threshold=0.05, remove_multicollinearity=False, multicollinearity_threshold=0.9, remove_perfect_collinearity=True, create_clusters=False, cluster_iter=20, polynomial_features=False, polynomial_degree=2, trigonometry_features=False, polynomial_threshold=0.1, group_features=None, group_names=None, feature_selection=False, feature_selection_threshold=0.8, feature_selection_method=classic, feature_interaction=False, feature_ratio=False, interaction_threshold=0.01, fix_imbalance=False, fix_imbalance_method=None, transform_target=False, transform_target_method=box-cox, data_split_shuffle=True, data_split_stratify=False, fold_strategy=stratifiedkfold, fold=10, fold_shuffle=False, fold_groups=None, n_jobs=-1, use_gpu=False, custom_pipeline=None, html=True, session_id=0, log_experiment=False, experiment_name=None, experiment_custom_tags=None, log_plots=False, log_profile=False, log_data=False, silent=False, verbose=True, profile=False, profile_kwargs=None, display=None)
2022-09-15 17:17:25,017:INFO:Checking environment
2022-09-15 17:17:25,017:INFO:python_version: 3.8.5
2022-09-15 17:17:25,017:INFO:python_build: ('default', 'Sep  3 2020 21:29:08')
2022-09-15 17:17:25,017:INFO:machine: AMD64
2022-09-15 17:17:25,017:INFO:platform: Windows-10-10.0.22000-SP0
2022-09-15 17:17:25,017:INFO:Memory: svmem(total=17013329920, available=7211876352, percent=57.6, used=9801453568, free=7211876352)
2022-09-15 17:17:25,017:INFO:Physical Core: 4
2022-09-15 17:17:25,023:INFO:Logical Core: 8
2022-09-15 17:17:25,023:INFO:Checking libraries
2022-09-15 17:17:25,023:INFO:pd==1.1.3
2022-09-15 17:17:25,023:INFO:numpy==1.19.2
2022-09-15 17:17:25,023:INFO:sklearn==0.23.2
2022-09-15 17:17:25,023:INFO:lightgbm==3.3.2
2022-09-15 17:17:25,025:WARNING:catboost not found
2022-09-15 17:17:25,027:WARNING:xgboost not found
2022-09-15 17:17:25,027:INFO:mlflow==1.28.0
2022-09-15 17:17:25,027:INFO:Checking Exceptions
2022-09-15 17:17:25,027:INFO:Declaring global variables
2022-09-15 17:17:25,027:INFO:USI: 8a5f
2022-09-15 17:17:25,027:INFO:pycaret_globals: {'_available_plots', 'html_param', '_gpu_n_jobs_param', 'master_model_container', 'create_model_container', 'fold_generator', '_all_models', 'prep_pipe', '_internal_pipeline', 'X_test', 'target_param', 'seed', 'fold_groups_param', 'logging_param', '_ml_usecase', 'log_plots_param', 'X', 'fix_imbalance_method_param', 'stratify_param', 'dashboard_logger', 'X_train', 'data_before_preprocess', 'fix_imbalance_param', 'pycaret_globals', 'y_train', 'USI', 'y', 'iterative_imputation_iters_param', 'fold_param', 'imputation_classifier', 'gpu_param', 'fold_groups_param_full', 'transform_target_method_param', 'exp_name_log', 'experiment__', 'y_test', '_all_models_internal', '_all_metrics', 'fold_shuffle_param', 'transform_target_param', 'n_jobs_param', 'display_container', 'imputation_regressor'}
2022-09-15 17:17:25,027:INFO:Preparing display monitor
2022-09-15 17:17:25,027:INFO:Preparing display monitor
2022-09-15 17:17:25,059:INFO:Importing libraries
2022-09-15 17:17:25,059:INFO:Copying data for preprocessing
2022-09-15 17:17:25,076:INFO:Declaring preprocessing parameters
2022-09-15 17:17:25,082:INFO:Creating preprocessing pipeline
2022-09-15 17:17:25,135:INFO:Preprocessing pipeline created successfully
2022-09-15 17:17:25,135:ERROR:(Process Exit): setup has been interupted with user command 'quit'. setup must rerun.
2022-09-15 17:17:25,135:INFO:Creating global containers
2022-09-15 17:17:25,136:INFO:Internal pipeline: Pipeline(memory=None, steps=[('empty_step', 'passthrough')], verbose=False)
2022-09-15 17:18:03,659:WARNING:Couldn't import xgboost.XGBClassifier
2022-09-15 17:18:03,666:WARNING:Couldn't import catboost.CatBoostClassifier
2022-09-15 17:18:03,883:WARNING:Couldn't import xgboost.XGBClassifier
2022-09-15 17:18:03,886:WARNING:Couldn't import catboost.CatBoostClassifier
2022-09-15 17:18:03,887:INFO:Creating grid variables
2022-09-15 17:18:03,981:INFO:create_model_container: 0
2022-09-15 17:18:03,981:INFO:master_model_container: 0
2022-09-15 17:18:03,981:INFO:display_container: 1
2022-09-15 17:18:04,000:INFO:Pipeline(memory=None,
         steps=[('dtypes',
                 DataTypes_Auto_infer(categorical_features=[],
                                      display_types=True, features_todrop=[],
                                      id_columns=[],
                                      ml_usecase='classification',
                                      numerical_features=[], target='target',
                                      time_features=[])),
                ('imputer',
                 Simple_Imputer(categorical_strategy='not_available',
                                fill_value_categorical=None,
                                fill_value_numerical=None,
                                numeric_strat...
                ('scaling', 'passthrough'), ('P_transform', 'passthrough'),
                ('binn', 'passthrough'), ('rem_outliers', 'passthrough'),
                ('cluster_all', 'passthrough'),
                ('dummy', Dummify(target='target')),
                ('fix_perfect', Remove_100(target='target')),
                ('clean_names', Clean_Colum_Names()),
                ('feature_select', 'passthrough'), ('fix_multi', 'passthrough'),
                ('dfs', 'passthrough'), ('pca', 'passthrough')],
         verbose=False)
2022-09-15 17:18:04,000:INFO:setup() succesfully completed......................................
2022-09-15 17:29:24,448:INFO:Initializing compare_models()
2022-09-15 17:29:24,448:INFO:compare_models(include=None, fold=None, round=4, cross_validation=True, sort=Accuracy, n_select=1, budget_time=None, turbo=True, errors=ignore, fit_kwargs=None, groups=None, experiment_custom_tags=None, probability_threshold=None, verbose=True, display=None, exclude=None)
2022-09-15 17:29:24,448:INFO:Checking exceptions
2022-09-15 17:29:24,450:INFO:Preparing display monitor
2022-09-15 17:29:24,450:INFO:Preparing display monitor
2022-09-15 17:29:24,503:INFO:Initializing Logistic Regression
2022-09-15 17:29:24,503:INFO:Total runtime is 1.662572224934896e-05 minutes
2022-09-15 17:29:24,526:INFO:SubProcess create_model() called ==================================
2022-09-15 17:29:24,526:INFO:Initializing create_model()
2022-09-15 17:29:24,526:INFO:create_model(estimator=lr, fold=StratifiedKFold(n_splits=10, random_state=None, shuffle=False), round=4, cross_validation=True, predict=True, fit_kwargs={}, groups=None, refit=False, verbose=False, system=False, metrics=None, experiment_custom_tags=None, add_to_model_list=True, probability_threshold=None, display=<pycaret.internal.Display.Display object at 0x000002938B289EE0>, return_train_score=False, kwargs={})
2022-09-15 17:29:24,526:INFO:Checking exceptions
2022-09-15 17:29:24,528:INFO:Importing libraries
2022-09-15 17:29:24,528:INFO:Copying training dataset
2022-09-15 17:29:24,529:INFO:Defining folds
2022-09-15 17:29:24,530:INFO:Declaring metric variables
2022-09-15 17:29:24,543:INFO:Importing untrained model
2022-09-15 17:29:24,560:INFO:Logistic Regression Imported succesfully
2022-09-15 17:29:24,597:INFO:Starting cross validation
2022-09-15 17:29:24,599:INFO:Cross validating with StratifiedKFold(n_splits=10, random_state=None, shuffle=False), n_jobs=-1
2022-09-15 17:29:34,557:INFO:Calculating mean and std
2022-09-15 17:29:34,561:INFO:Creating metrics dataframe
2022-09-15 17:29:34,571:INFO:Uploading results into container
2022-09-15 17:29:34,571:INFO:Uploading model into container now
2022-09-15 17:29:34,573:INFO:create_model_container: 1
2022-09-15 17:29:34,573:INFO:master_model_container: 1
2022-09-15 17:29:34,573:INFO:display_container: 2
2022-09-15 17:29:34,575:INFO:LogisticRegression(C=1.0, class_weight=None, dual=False, fit_intercept=True,
                   intercept_scaling=1, l1_ratio=None, max_iter=1000,
                   multi_class='auto', n_jobs=None, penalty='l2',
                   random_state=0, solver='lbfgs', tol=0.0001, verbose=0,
                   warm_start=False)
2022-09-15 17:29:34,575:INFO:create_model() succesfully completed......................................
2022-09-15 17:29:34,753:INFO:SubProcess create_model() end ==================================
2022-09-15 17:29:34,757:INFO:Creating metrics dataframe
2022-09-15 17:29:34,812:INFO:Initializing K Neighbors Classifier
2022-09-15 17:29:34,813:INFO:Total runtime is 0.17185109059015907 minutes
2022-09-15 17:29:34,840:INFO:SubProcess create_model() called ==================================
2022-09-15 17:29:34,840:INFO:Initializing create_model()
2022-09-15 17:29:34,840:INFO:create_model(estimator=knn, fold=StratifiedKFold(n_splits=10, random_state=None, shuffle=False), round=4, cross_validation=True, predict=True, fit_kwargs={}, groups=None, refit=False, verbose=False, system=False, metrics=None, experiment_custom_tags=None, add_to_model_list=True, probability_threshold=None, display=<pycaret.internal.Display.Display object at 0x000002938B289EE0>, return_train_score=False, kwargs={})
2022-09-15 17:29:34,840:INFO:Checking exceptions
2022-09-15 17:29:34,840:INFO:Importing libraries
2022-09-15 17:29:34,840:INFO:Copying training dataset
2022-09-15 17:29:34,848:INFO:Defining folds
2022-09-15 17:29:34,848:INFO:Declaring metric variables
2022-09-15 17:29:34,873:INFO:Importing untrained model
2022-09-15 17:29:34,899:INFO:K Neighbors Classifier Imported succesfully
2022-09-15 17:29:34,958:INFO:Starting cross validation
2022-09-15 17:29:34,958:INFO:Cross validating with StratifiedKFold(n_splits=10, random_state=None, shuffle=False), n_jobs=-1
2022-09-15 17:29:35,699:INFO:Calculating mean and std
2022-09-15 17:29:35,701:INFO:Creating metrics dataframe
2022-09-15 17:29:35,713:INFO:Uploading results into container
2022-09-15 17:29:35,713:INFO:Uploading model into container now
2022-09-15 17:29:35,713:INFO:create_model_container: 2
2022-09-15 17:29:35,714:INFO:master_model_container: 2
2022-09-15 17:29:35,714:INFO:display_container: 2
2022-09-15 17:29:35,715:INFO:KNeighborsClassifier(algorithm='auto', leaf_size=30, metric='minkowski',
                     metric_params=None, n_jobs=-1, n_neighbors=5, p=2,
                     weights='uniform')
2022-09-15 17:29:35,715:INFO:create_model() succesfully completed......................................
2022-09-15 17:29:35,882:INFO:SubProcess create_model() end ==================================
2022-09-15 17:29:35,883:INFO:Creating metrics dataframe
2022-09-15 17:29:35,962:INFO:Initializing Naive Bayes
2022-09-15 17:29:35,962:INFO:Total runtime is 0.19100021123886107 minutes
2022-09-15 17:29:36,016:INFO:SubProcess create_model() called ==================================
2022-09-15 17:29:36,016:INFO:Initializing create_model()
2022-09-15 17:29:36,016:INFO:create_model(estimator=nb, fold=StratifiedKFold(n_splits=10, random_state=None, shuffle=False), round=4, cross_validation=True, predict=True, fit_kwargs={}, groups=None, refit=False, verbose=False, system=False, metrics=None, experiment_custom_tags=None, add_to_model_list=True, probability_threshold=None, display=<pycaret.internal.Display.Display object at 0x000002938B289EE0>, return_train_score=False, kwargs={})
2022-09-15 17:29:36,016:INFO:Checking exceptions
2022-09-15 17:29:36,016:INFO:Importing libraries
2022-09-15 17:29:36,016:INFO:Copying training dataset
2022-09-15 17:29:36,016:INFO:Defining folds
2022-09-15 17:29:36,027:INFO:Declaring metric variables
2022-09-15 17:29:36,068:INFO:Importing untrained model
2022-09-15 17:29:36,108:INFO:Naive Bayes Imported succesfully
2022-09-15 17:29:36,201:INFO:Starting cross validation
2022-09-15 17:29:36,208:INFO:Cross validating with StratifiedKFold(n_splits=10, random_state=None, shuffle=False), n_jobs=-1
2022-09-15 17:29:36,433:INFO:Calculating mean and std
2022-09-15 17:29:36,437:INFO:Creating metrics dataframe
2022-09-15 17:29:36,446:INFO:Uploading results into container
2022-09-15 17:29:36,447:INFO:Uploading model into container now
2022-09-15 17:29:36,447:INFO:create_model_container: 3
2022-09-15 17:29:36,447:INFO:master_model_container: 3
2022-09-15 17:29:36,447:INFO:display_container: 2
2022-09-15 17:29:36,447:INFO:GaussianNB(priors=None, var_smoothing=1e-09)
2022-09-15 17:29:36,447:INFO:create_model() succesfully completed......................................
2022-09-15 17:29:36,689:INFO:SubProcess create_model() end ==================================
2022-09-15 17:29:36,689:INFO:Creating metrics dataframe
2022-09-15 17:29:36,824:INFO:Initializing Decision Tree Classifier
2022-09-15 17:29:36,825:INFO:Total runtime is 0.2053905725479126 minutes
2022-09-15 17:29:36,846:INFO:SubProcess create_model() called ==================================
2022-09-15 17:29:36,846:INFO:Initializing create_model()
2022-09-15 17:29:36,847:INFO:create_model(estimator=dt, fold=StratifiedKFold(n_splits=10, random_state=None, shuffle=False), round=4, cross_validation=True, predict=True, fit_kwargs={}, groups=None, refit=False, verbose=False, system=False, metrics=None, experiment_custom_tags=None, add_to_model_list=True, probability_threshold=None, display=<pycaret.internal.Display.Display object at 0x000002938B289EE0>, return_train_score=False, kwargs={})
2022-09-15 17:29:36,847:INFO:Checking exceptions
2022-09-15 17:29:36,847:INFO:Importing libraries
2022-09-15 17:29:36,847:INFO:Copying training dataset
2022-09-15 17:29:36,851:INFO:Defining folds
2022-09-15 17:29:36,851:INFO:Declaring metric variables
2022-09-15 17:29:36,875:INFO:Importing untrained model
2022-09-15 17:29:36,903:INFO:Decision Tree Classifier Imported succesfully
2022-09-15 17:29:36,955:INFO:Starting cross validation
2022-09-15 17:29:36,956:INFO:Cross validating with StratifiedKFold(n_splits=10, random_state=None, shuffle=False), n_jobs=-1
2022-09-15 17:29:37,331:INFO:Calculating mean and std
2022-09-15 17:29:37,335:INFO:Creating metrics dataframe
2022-09-15 17:29:37,344:INFO:Uploading results into container
2022-09-15 17:29:37,344:INFO:Uploading model into container now
2022-09-15 17:29:37,344:INFO:create_model_container: 4
2022-09-15 17:29:37,346:INFO:master_model_container: 4
2022-09-15 17:29:37,346:INFO:display_container: 2
2022-09-15 17:29:37,347:INFO:DecisionTreeClassifier(ccp_alpha=0.0, class_weight=None, criterion='gini',
                       max_depth=None, max_features=None, max_leaf_nodes=None,
                       min_impurity_decrease=0.0, min_impurity_split=None,
                       min_samples_leaf=1, min_samples_split=2,
                       min_weight_fraction_leaf=0.0, presort='deprecated',
                       random_state=0, splitter='best')
2022-09-15 17:29:37,347:INFO:create_model() succesfully completed......................................
2022-09-15 17:29:37,659:INFO:SubProcess create_model() end ==================================
2022-09-15 17:29:37,659:INFO:Creating metrics dataframe
2022-09-15 17:29:37,769:INFO:Initializing SVM - Linear Kernel
2022-09-15 17:29:37,770:INFO:Total runtime is 0.2211214780807495 minutes
2022-09-15 17:29:37,811:INFO:SubProcess create_model() called ==================================
2022-09-15 17:29:37,813:INFO:Initializing create_model()
2022-09-15 17:29:37,813:INFO:create_model(estimator=svm, fold=StratifiedKFold(n_splits=10, random_state=None, shuffle=False), round=4, cross_validation=True, predict=True, fit_kwargs={}, groups=None, refit=False, verbose=False, system=False, metrics=None, experiment_custom_tags=None, add_to_model_list=True, probability_threshold=None, display=<pycaret.internal.Display.Display object at 0x000002938B289EE0>, return_train_score=False, kwargs={})
2022-09-15 17:29:37,814:INFO:Checking exceptions
2022-09-15 17:29:37,814:INFO:Importing libraries
2022-09-15 17:29:37,816:INFO:Copying training dataset
2022-09-15 17:29:37,821:INFO:Defining folds
2022-09-15 17:29:37,822:INFO:Declaring metric variables
2022-09-15 17:29:37,883:INFO:Importing untrained model
2022-09-15 17:29:37,931:INFO:SVM - Linear Kernel Imported succesfully
2022-09-15 17:29:38,019:INFO:Starting cross validation
2022-09-15 17:29:38,023:INFO:Cross validating with StratifiedKFold(n_splits=10, random_state=None, shuffle=False), n_jobs=-1
2022-09-15 17:29:38,279:INFO:Calculating mean and std
2022-09-15 17:29:38,284:INFO:Creating metrics dataframe
2022-09-15 17:29:38,291:INFO:Uploading results into container
2022-09-15 17:29:38,291:INFO:Uploading model into container now
2022-09-15 17:29:38,292:INFO:create_model_container: 5
2022-09-15 17:29:38,292:INFO:master_model_container: 5
2022-09-15 17:29:38,292:INFO:display_container: 2
2022-09-15 17:29:38,294:INFO:SGDClassifier(alpha=0.0001, average=False, class_weight=None,
              early_stopping=False, epsilon=0.1, eta0=0.001, fit_intercept=True,
              l1_ratio=0.15, learning_rate='optimal', loss='hinge',
              max_iter=1000, n_iter_no_change=5, n_jobs=-1, penalty='l2',
              power_t=0.5, random_state=0, shuffle=True, tol=0.001,
              validation_fraction=0.1, verbose=0, warm_start=False)
2022-09-15 17:29:38,294:INFO:create_model() succesfully completed......................................
2022-09-15 17:29:38,537:INFO:SubProcess create_model() end ==================================
2022-09-15 17:29:38,537:INFO:Creating metrics dataframe
2022-09-15 17:29:38,633:INFO:Initializing Ridge Classifier
2022-09-15 17:29:38,633:INFO:Total runtime is 0.2355307936668396 minutes
2022-09-15 17:29:38,677:INFO:SubProcess create_model() called ==================================
2022-09-15 17:29:38,677:INFO:Initializing create_model()
2022-09-15 17:29:38,685:INFO:create_model(estimator=ridge, fold=StratifiedKFold(n_splits=10, random_state=None, shuffle=False), round=4, cross_validation=True, predict=True, fit_kwargs={}, groups=None, refit=False, verbose=False, system=False, metrics=None, experiment_custom_tags=None, add_to_model_list=True, probability_threshold=None, display=<pycaret.internal.Display.Display object at 0x000002938B289EE0>, return_train_score=False, kwargs={})
2022-09-15 17:29:38,686:INFO:Checking exceptions
2022-09-15 17:29:38,686:INFO:Importing libraries
2022-09-15 17:29:38,688:INFO:Copying training dataset
2022-09-15 17:29:38,690:INFO:Defining folds
2022-09-15 17:29:38,690:INFO:Declaring metric variables
2022-09-15 17:29:38,740:INFO:Importing untrained model
2022-09-15 17:29:38,800:INFO:Ridge Classifier Imported succesfully
2022-09-15 17:29:38,898:INFO:Starting cross validation
2022-09-15 17:29:38,901:INFO:Cross validating with StratifiedKFold(n_splits=10, random_state=None, shuffle=False), n_jobs=-1
2022-09-15 17:29:39,099:INFO:Calculating mean and std
2022-09-15 17:29:39,102:INFO:Creating metrics dataframe
2022-09-15 17:29:39,109:INFO:Uploading results into container
2022-09-15 17:29:39,109:INFO:Uploading model into container now
2022-09-15 17:29:39,109:INFO:create_model_container: 6
2022-09-15 17:29:39,109:INFO:master_model_container: 6
2022-09-15 17:29:39,109:INFO:display_container: 2
2022-09-15 17:29:39,109:INFO:RidgeClassifier(alpha=1.0, class_weight=None, copy_X=True, fit_intercept=True,
                max_iter=None, normalize=False, random_state=0, solver='auto',
                tol=0.001)
2022-09-15 17:29:39,109:INFO:create_model() succesfully completed......................................
2022-09-15 17:29:39,378:INFO:SubProcess create_model() end ==================================
2022-09-15 17:29:39,379:INFO:Creating metrics dataframe
2022-09-15 17:29:39,476:INFO:Initializing Random Forest Classifier
2022-09-15 17:29:39,477:INFO:Total runtime is 0.24959210952123007 minutes
2022-09-15 17:29:39,522:INFO:SubProcess create_model() called ==================================
2022-09-15 17:29:39,523:INFO:Initializing create_model()
2022-09-15 17:29:39,525:INFO:create_model(estimator=rf, fold=StratifiedKFold(n_splits=10, random_state=None, shuffle=False), round=4, cross_validation=True, predict=True, fit_kwargs={}, groups=None, refit=False, verbose=False, system=False, metrics=None, experiment_custom_tags=None, add_to_model_list=True, probability_threshold=None, display=<pycaret.internal.Display.Display object at 0x000002938B289EE0>, return_train_score=False, kwargs={})
2022-09-15 17:29:39,525:INFO:Checking exceptions
2022-09-15 17:29:39,525:INFO:Importing libraries
2022-09-15 17:29:39,526:INFO:Copying training dataset
2022-09-15 17:29:39,528:INFO:Defining folds
2022-09-15 17:29:39,528:INFO:Declaring metric variables
2022-09-15 17:29:39,577:INFO:Importing untrained model
2022-09-15 17:29:39,627:INFO:Random Forest Classifier Imported succesfully
2022-09-15 17:29:39,723:INFO:Starting cross validation
2022-09-15 17:29:39,726:INFO:Cross validating with StratifiedKFold(n_splits=10, random_state=None, shuffle=False), n_jobs=-1
2022-09-15 17:29:44,652:INFO:Calculating mean and std
2022-09-15 17:29:44,656:INFO:Creating metrics dataframe
2022-09-15 17:29:44,675:INFO:Uploading results into container
2022-09-15 17:29:44,675:INFO:Uploading model into container now
2022-09-15 17:29:44,675:INFO:create_model_container: 7
2022-09-15 17:29:44,675:INFO:master_model_container: 7
2022-09-15 17:29:44,675:INFO:display_container: 2
2022-09-15 17:29:44,678:INFO:RandomForestClassifier(bootstrap=True, ccp_alpha=0.0, class_weight=None,
                       criterion='gini', max_depth=None, max_features='auto',
                       max_leaf_nodes=None, max_samples=None,
                       min_impurity_decrease=0.0, min_impurity_split=None,
                       min_samples_leaf=1, min_samples_split=2,
                       min_weight_fraction_leaf=0.0, n_estimators=100,
                       n_jobs=-1, oob_score=False, random_state=0, verbose=0,
                       warm_start=False)
2022-09-15 17:29:44,678:INFO:create_model() succesfully completed......................................
2022-09-15 17:29:44,917:INFO:SubProcess create_model() end ==================================
2022-09-15 17:29:44,917:INFO:Creating metrics dataframe
2022-09-15 17:29:45,081:INFO:Initializing Quadratic Discriminant Analysis
2022-09-15 17:29:45,082:INFO:Total runtime is 0.34300597906112673 minutes
2022-09-15 17:29:45,147:INFO:SubProcess create_model() called ==================================
2022-09-15 17:29:45,147:INFO:Initializing create_model()
2022-09-15 17:29:45,147:INFO:create_model(estimator=qda, fold=StratifiedKFold(n_splits=10, random_state=None, shuffle=False), round=4, cross_validation=True, predict=True, fit_kwargs={}, groups=None, refit=False, verbose=False, system=False, metrics=None, experiment_custom_tags=None, add_to_model_list=True, probability_threshold=None, display=<pycaret.internal.Display.Display object at 0x000002938B289EE0>, return_train_score=False, kwargs={})
2022-09-15 17:29:45,147:INFO:Checking exceptions
2022-09-15 17:29:45,147:INFO:Importing libraries
2022-09-15 17:29:45,147:INFO:Copying training dataset
2022-09-15 17:29:45,158:INFO:Defining folds
2022-09-15 17:29:45,159:INFO:Declaring metric variables
2022-09-15 17:29:45,210:INFO:Importing untrained model
2022-09-15 17:29:45,244:INFO:Quadratic Discriminant Analysis Imported succesfully
2022-09-15 17:29:45,289:INFO:Starting cross validation
2022-09-15 17:29:45,295:INFO:Cross validating with StratifiedKFold(n_splits=10, random_state=None, shuffle=False), n_jobs=-1
2022-09-15 17:29:45,491:INFO:Calculating mean and std
2022-09-15 17:29:45,493:INFO:Creating metrics dataframe
2022-09-15 17:29:45,501:INFO:Uploading results into container
2022-09-15 17:29:45,501:INFO:Uploading model into container now
2022-09-15 17:29:45,501:INFO:create_model_container: 8
2022-09-15 17:29:45,501:INFO:master_model_container: 8
2022-09-15 17:29:45,501:INFO:display_container: 2
2022-09-15 17:29:45,502:INFO:QuadraticDiscriminantAnalysis(priors=None, reg_param=0.0,
                              store_covariance=False, tol=0.0001)
2022-09-15 17:29:45,503:INFO:create_model() succesfully completed......................................
2022-09-15 17:29:45,710:INFO:SubProcess create_model() end ==================================
2022-09-15 17:29:45,710:INFO:Creating metrics dataframe
2022-09-15 17:29:45,824:INFO:Initializing Ada Boost Classifier
2022-09-15 17:29:45,824:INFO:Total runtime is 0.355376935005188 minutes
2022-09-15 17:29:45,871:INFO:SubProcess create_model() called ==================================
2022-09-15 17:29:45,873:INFO:Initializing create_model()
2022-09-15 17:29:45,873:INFO:create_model(estimator=ada, fold=StratifiedKFold(n_splits=10, random_state=None, shuffle=False), round=4, cross_validation=True, predict=True, fit_kwargs={}, groups=None, refit=False, verbose=False, system=False, metrics=None, experiment_custom_tags=None, add_to_model_list=True, probability_threshold=None, display=<pycaret.internal.Display.Display object at 0x000002938B289EE0>, return_train_score=False, kwargs={})
2022-09-15 17:29:45,875:INFO:Checking exceptions
2022-09-15 17:29:45,875:INFO:Importing libraries
2022-09-15 17:29:45,876:INFO:Copying training dataset
2022-09-15 17:29:45,880:INFO:Defining folds
2022-09-15 17:29:45,881:INFO:Declaring metric variables
2022-09-15 17:29:45,932:INFO:Importing untrained model
2022-09-15 17:29:45,977:INFO:Ada Boost Classifier Imported succesfully
2022-09-15 17:29:46,080:INFO:Starting cross validation
2022-09-15 17:29:46,089:INFO:Cross validating with StratifiedKFold(n_splits=10, random_state=None, shuffle=False), n_jobs=-1
2022-09-15 17:29:48,202:INFO:Calculating mean and std
2022-09-15 17:29:48,206:INFO:Creating metrics dataframe
2022-09-15 17:29:48,230:INFO:Uploading results into container
2022-09-15 17:29:48,230:INFO:Uploading model into container now
2022-09-15 17:29:48,231:INFO:create_model_container: 9
2022-09-15 17:29:48,231:INFO:master_model_container: 9
2022-09-15 17:29:48,232:INFO:display_container: 2
2022-09-15 17:29:48,233:INFO:AdaBoostClassifier(algorithm='SAMME.R', base_estimator=None, learning_rate=1.0,
                   n_estimators=50, random_state=0)
2022-09-15 17:29:48,233:INFO:create_model() succesfully completed......................................
2022-09-15 17:29:48,477:INFO:SubProcess create_model() end ==================================
2022-09-15 17:29:48,477:INFO:Creating metrics dataframe
2022-09-15 17:29:48,579:INFO:Initializing Gradient Boosting Classifier
2022-09-15 17:29:48,580:INFO:Total runtime is 0.40131396849950157 minutes
2022-09-15 17:29:48,619:INFO:SubProcess create_model() called ==================================
2022-09-15 17:29:48,620:INFO:Initializing create_model()
2022-09-15 17:29:48,620:INFO:create_model(estimator=gbc, fold=StratifiedKFold(n_splits=10, random_state=None, shuffle=False), round=4, cross_validation=True, predict=True, fit_kwargs={}, groups=None, refit=False, verbose=False, system=False, metrics=None, experiment_custom_tags=None, add_to_model_list=True, probability_threshold=None, display=<pycaret.internal.Display.Display object at 0x000002938B289EE0>, return_train_score=False, kwargs={})
2022-09-15 17:29:48,621:INFO:Checking exceptions
2022-09-15 17:29:48,621:INFO:Importing libraries
2022-09-15 17:29:48,621:INFO:Copying training dataset
2022-09-15 17:29:48,624:INFO:Defining folds
2022-09-15 17:29:48,624:INFO:Declaring metric variables
2022-09-15 17:29:48,641:INFO:Importing untrained model
2022-09-15 17:29:48,659:INFO:Gradient Boosting Classifier Imported succesfully
2022-09-15 17:29:48,718:INFO:Starting cross validation
2022-09-15 17:29:48,720:INFO:Cross validating with StratifiedKFold(n_splits=10, random_state=None, shuffle=False), n_jobs=-1
2022-09-15 17:29:54,031:INFO:Calculating mean and std
2022-09-15 17:29:54,032:INFO:Creating metrics dataframe
2022-09-15 17:29:54,042:INFO:Uploading results into container
2022-09-15 17:29:54,042:INFO:Uploading model into container now
2022-09-15 17:29:54,042:INFO:create_model_container: 10
2022-09-15 17:29:54,043:INFO:master_model_container: 10
2022-09-15 17:29:54,043:INFO:display_container: 2
2022-09-15 17:29:54,044:INFO:GradientBoostingClassifier(ccp_alpha=0.0, criterion='friedman_mse', init=None,
                           learning_rate=0.1, loss='deviance', max_depth=3,
                           max_features=None, max_leaf_nodes=None,
                           min_impurity_decrease=0.0, min_impurity_split=None,
                           min_samples_leaf=1, min_samples_split=2,
                           min_weight_fraction_leaf=0.0, n_estimators=100,
                           n_iter_no_change=None, presort='deprecated',
                           random_state=0, subsample=1.0, tol=0.0001,
                           validation_fraction=0.1, verbose=0,
                           warm_start=False)
2022-09-15 17:29:54,044:INFO:create_model() succesfully completed......................................
2022-09-15 17:29:54,272:INFO:SubProcess create_model() end ==================================
2022-09-15 17:29:54,273:INFO:Creating metrics dataframe
2022-09-15 17:29:54,400:INFO:Initializing Linear Discriminant Analysis
2022-09-15 17:29:54,400:INFO:Total runtime is 0.49831571578979494 minutes
2022-09-15 17:29:54,450:INFO:SubProcess create_model() called ==================================
2022-09-15 17:29:54,451:INFO:Initializing create_model()
2022-09-15 17:29:54,452:INFO:create_model(estimator=lda, fold=StratifiedKFold(n_splits=10, random_state=None, shuffle=False), round=4, cross_validation=True, predict=True, fit_kwargs={}, groups=None, refit=False, verbose=False, system=False, metrics=None, experiment_custom_tags=None, add_to_model_list=True, probability_threshold=None, display=<pycaret.internal.Display.Display object at 0x000002938B289EE0>, return_train_score=False, kwargs={})
2022-09-15 17:29:54,452:INFO:Checking exceptions
2022-09-15 17:29:54,453:INFO:Importing libraries
2022-09-15 17:29:54,453:INFO:Copying training dataset
2022-09-15 17:29:54,458:INFO:Defining folds
2022-09-15 17:29:54,458:INFO:Declaring metric variables
2022-09-15 17:29:54,515:INFO:Importing untrained model
2022-09-15 17:29:54,562:INFO:Linear Discriminant Analysis Imported succesfully
2022-09-15 17:29:54,654:INFO:Starting cross validation
2022-09-15 17:29:54,658:INFO:Cross validating with StratifiedKFold(n_splits=10, random_state=None, shuffle=False), n_jobs=-1
2022-09-15 17:29:54,908:INFO:Calculating mean and std
2022-09-15 17:29:54,909:INFO:Creating metrics dataframe
2022-09-15 17:29:54,917:INFO:Uploading results into container
2022-09-15 17:29:54,917:INFO:Uploading model into container now
2022-09-15 17:29:54,917:INFO:create_model_container: 11
2022-09-15 17:29:54,918:INFO:master_model_container: 11
2022-09-15 17:29:54,918:INFO:display_container: 2
2022-09-15 17:29:54,918:INFO:LinearDiscriminantAnalysis(n_components=None, priors=None, shrinkage=None,
                           solver='svd', store_covariance=False, tol=0.0001)
2022-09-15 17:29:54,918:INFO:create_model() succesfully completed......................................
2022-09-15 17:29:55,132:INFO:SubProcess create_model() end ==================================
2022-09-15 17:29:55,134:INFO:Creating metrics dataframe
2022-09-15 17:29:55,280:INFO:Initializing Extra Trees Classifier
2022-09-15 17:29:55,281:INFO:Total runtime is 0.5129686196645101 minutes
2022-09-15 17:29:55,334:INFO:SubProcess create_model() called ==================================
2022-09-15 17:29:55,336:INFO:Initializing create_model()
2022-09-15 17:29:55,337:INFO:create_model(estimator=et, fold=StratifiedKFold(n_splits=10, random_state=None, shuffle=False), round=4, cross_validation=True, predict=True, fit_kwargs={}, groups=None, refit=False, verbose=False, system=False, metrics=None, experiment_custom_tags=None, add_to_model_list=True, probability_threshold=None, display=<pycaret.internal.Display.Display object at 0x000002938B289EE0>, return_train_score=False, kwargs={})
2022-09-15 17:29:55,337:INFO:Checking exceptions
2022-09-15 17:29:55,338:INFO:Importing libraries
2022-09-15 17:29:55,340:INFO:Copying training dataset
2022-09-15 17:29:55,345:INFO:Defining folds
2022-09-15 17:29:55,347:INFO:Declaring metric variables
2022-09-15 17:29:55,399:INFO:Importing untrained model
2022-09-15 17:29:55,425:INFO:Extra Trees Classifier Imported succesfully
2022-09-15 17:29:55,481:INFO:Starting cross validation
2022-09-15 17:29:55,482:INFO:Cross validating with StratifiedKFold(n_splits=10, random_state=None, shuffle=False), n_jobs=-1
2022-09-15 17:29:58,301:INFO:Calculating mean and std
2022-09-15 17:29:58,303:INFO:Creating metrics dataframe
2022-09-15 17:29:58,314:INFO:Uploading results into container
2022-09-15 17:29:58,314:INFO:Uploading model into container now
2022-09-15 17:29:58,315:INFO:create_model_container: 12
2022-09-15 17:29:58,315:INFO:master_model_container: 12
2022-09-15 17:29:58,315:INFO:display_container: 2
2022-09-15 17:29:58,315:INFO:ExtraTreesClassifier(bootstrap=False, ccp_alpha=0.0, class_weight=None,
                     criterion='gini', max_depth=None, max_features='auto',
                     max_leaf_nodes=None, max_samples=None,
                     min_impurity_decrease=0.0, min_impurity_split=None,
                     min_samples_leaf=1, min_samples_split=2,
                     min_weight_fraction_leaf=0.0, n_estimators=100, n_jobs=-1,
                     oob_score=False, random_state=0, verbose=0,
                     warm_start=False)
2022-09-15 17:29:58,316:INFO:create_model() succesfully completed......................................
2022-09-15 17:29:58,468:INFO:SubProcess create_model() end ==================================
2022-09-15 17:29:58,468:INFO:Creating metrics dataframe
2022-09-15 17:29:58,581:INFO:Initializing Light Gradient Boosting Machine
2022-09-15 17:29:58,581:INFO:Total runtime is 0.5679838260014852 minutes
2022-09-15 17:29:58,628:INFO:SubProcess create_model() called ==================================
2022-09-15 17:29:58,630:INFO:Initializing create_model()
2022-09-15 17:29:58,631:INFO:create_model(estimator=lightgbm, fold=StratifiedKFold(n_splits=10, random_state=None, shuffle=False), round=4, cross_validation=True, predict=True, fit_kwargs={}, groups=None, refit=False, verbose=False, system=False, metrics=None, experiment_custom_tags=None, add_to_model_list=True, probability_threshold=None, display=<pycaret.internal.Display.Display object at 0x000002938B289EE0>, return_train_score=False, kwargs={})
2022-09-15 17:29:58,631:INFO:Checking exceptions
2022-09-15 17:29:58,631:INFO:Importing libraries
2022-09-15 17:29:58,632:INFO:Copying training dataset
2022-09-15 17:29:58,636:INFO:Defining folds
2022-09-15 17:29:58,636:INFO:Declaring metric variables
2022-09-15 17:29:58,692:INFO:Importing untrained model
2022-09-15 17:29:58,735:INFO:Light Gradient Boosting Machine Imported succesfully
2022-09-15 17:29:58,771:INFO:Starting cross validation
2022-09-15 17:29:58,773:INFO:Cross validating with StratifiedKFold(n_splits=10, random_state=None, shuffle=False), n_jobs=-1
2022-09-15 17:30:01,588:INFO:Calculating mean and std
2022-09-15 17:30:01,591:INFO:Creating metrics dataframe
2022-09-15 17:30:01,608:INFO:Uploading results into container
2022-09-15 17:30:01,608:INFO:Uploading model into container now
2022-09-15 17:30:01,608:INFO:create_model_container: 13
2022-09-15 17:30:01,609:INFO:master_model_container: 13
2022-09-15 17:30:01,609:INFO:display_container: 2
2022-09-15 17:30:01,612:INFO:LGBMClassifier(boosting_type='gbdt', class_weight=None, colsample_bytree=1.0,
               importance_type='split', learning_rate=0.1, max_depth=-1,
               min_child_samples=20, min_child_weight=0.001, min_split_gain=0.0,
               n_estimators=100, n_jobs=-1, num_leaves=31, objective=None,
               random_state=0, reg_alpha=0.0, reg_lambda=0.0, silent='warn',
               subsample=1.0, subsample_for_bin=200000, subsample_freq=0)
2022-09-15 17:30:01,612:INFO:create_model() succesfully completed......................................
2022-09-15 17:30:01,797:INFO:SubProcess create_model() end ==================================
2022-09-15 17:30:01,798:INFO:Creating metrics dataframe
2022-09-15 17:30:01,934:INFO:Initializing Dummy Classifier
2022-09-15 17:30:01,934:INFO:Total runtime is 0.6238702376683554 minutes
2022-09-15 17:30:01,994:INFO:SubProcess create_model() called ==================================
2022-09-15 17:30:01,995:INFO:Initializing create_model()
2022-09-15 17:30:01,996:INFO:create_model(estimator=dummy, fold=StratifiedKFold(n_splits=10, random_state=None, shuffle=False), round=4, cross_validation=True, predict=True, fit_kwargs={}, groups=None, refit=False, verbose=False, system=False, metrics=None, experiment_custom_tags=None, add_to_model_list=True, probability_threshold=None, display=<pycaret.internal.Display.Display object at 0x000002938B289EE0>, return_train_score=False, kwargs={})
2022-09-15 17:30:01,997:INFO:Checking exceptions
2022-09-15 17:30:01,997:INFO:Importing libraries
2022-09-15 17:30:01,997:INFO:Copying training dataset
2022-09-15 17:30:02,002:INFO:Defining folds
2022-09-15 17:30:02,002:INFO:Declaring metric variables
2022-09-15 17:30:02,048:INFO:Importing untrained model
2022-09-15 17:30:02,100:INFO:Dummy Classifier Imported succesfully
2022-09-15 17:30:02,206:INFO:Starting cross validation
2022-09-15 17:30:02,209:INFO:Cross validating with StratifiedKFold(n_splits=10, random_state=None, shuffle=False), n_jobs=-1
2022-09-15 17:30:02,398:INFO:Calculating mean and std
2022-09-15 17:30:02,398:INFO:Creating metrics dataframe
2022-09-15 17:30:02,421:INFO:Uploading results into container
2022-09-15 17:30:02,422:INFO:Uploading model into container now
2022-09-15 17:30:02,422:INFO:create_model_container: 14
2022-09-15 17:30:02,422:INFO:master_model_container: 14
2022-09-15 17:30:02,422:INFO:display_container: 2
2022-09-15 17:30:02,423:INFO:DummyClassifier(constant=None, random_state=0, strategy='prior')
2022-09-15 17:30:02,423:INFO:create_model() succesfully completed......................................
2022-09-15 17:30:02,627:INFO:SubProcess create_model() end ==================================
2022-09-15 17:30:02,628:INFO:Creating metrics dataframe
2022-09-15 17:30:02,866:INFO:Initializing create_model()
2022-09-15 17:30:02,866:INFO:create_model(estimator=LogisticRegression(C=1.0, class_weight=None, dual=False, fit_intercept=True,
                   intercept_scaling=1, l1_ratio=None, max_iter=1000,
                   multi_class='auto', n_jobs=None, penalty='l2',
                   random_state=0, solver='lbfgs', tol=0.0001, verbose=0,
                   warm_start=False), fold=StratifiedKFold(n_splits=10, random_state=None, shuffle=False), round=4, cross_validation=False, predict=False, fit_kwargs={}, groups=None, refit=True, verbose=False, system=False, metrics=None, experiment_custom_tags=None, add_to_model_list=True, probability_threshold=None, display=None, return_train_score=False, kwargs={})
2022-09-15 17:30:02,867:INFO:Checking exceptions
2022-09-15 17:30:02,868:INFO:Importing libraries
2022-09-15 17:30:02,869:INFO:Copying training dataset
2022-09-15 17:30:02,871:INFO:Defining folds
2022-09-15 17:30:02,872:INFO:Declaring metric variables
2022-09-15 17:30:02,872:INFO:Importing untrained model
2022-09-15 17:30:02,872:INFO:Declaring custom model
2022-09-15 17:30:02,875:INFO:Logistic Regression Imported succesfully
2022-09-15 17:30:02,878:INFO:Cross validation set to False
2022-09-15 17:30:02,879:INFO:Fitting Model
2022-09-15 17:30:03,089:INFO:LogisticRegression(C=1.0, class_weight=None, dual=False, fit_intercept=True,
                   intercept_scaling=1, l1_ratio=None, max_iter=1000,
                   multi_class='auto', n_jobs=None, penalty='l2',
                   random_state=0, solver='lbfgs', tol=0.0001, verbose=0,
                   warm_start=False)
2022-09-15 17:30:03,090:INFO:create_models() succesfully completed......................................
2022-09-15 17:30:03,663:INFO:create_model_container: 14
2022-09-15 17:30:03,664:INFO:master_model_container: 14
2022-09-15 17:30:03,665:INFO:display_container: 2
2022-09-15 17:30:03,667:INFO:LogisticRegression(C=1.0, class_weight=None, dual=False, fit_intercept=True,
                   intercept_scaling=1, l1_ratio=None, max_iter=1000,
                   multi_class='auto', n_jobs=None, penalty='l2',
                   random_state=0, solver='lbfgs', tol=0.0001, verbose=0,
                   warm_start=False)
2022-09-15 17:30:03,668:INFO:compare_models() succesfully completed......................................
